 ** Message System Log
 ** Database: 
 ** Date:   Fri Jan 09 12:40:02 2015


****************
Macro Parameters
****************

Name                            : pll250
Family                          : PA3LC
Output Format                   : VHDL
Type                            : Static PLL
PowerDown                       : Active High
Lock                            : Active High
Input Freq(Mhz)                 : 48.000000
CLKA Source                     : Core Logic
Feedback Delay Value Index      : 1
Feedback Mux Select             : 1
XDLY Mux Select                 : No
Primary Freq(Mhz)               : 250.000000
Primary PhaseShift              : 0
Primary Delay Value Index       : 1
Primary Mux Select              : 4
Secondary1 Freq(Mhz)            : 0.000000
Use GLB                         : NO
Use YB                          : NO
GLB Delay Value Index           : 32
YB Delay Value Index            : 32
Secondary1 PhaseShift           : 0
Secondary1 Mux Select           : 0
Secondary2 Freq(Mhz)            : 0.000000
Use GLC                         : NO
Use YC                          : NO
GLC Delay Value Index           : 32
YC Delay Value Index            : 32
Secondary2 PhaseShift           : 0
Secondary2 Mux Select           : 0
Lock Control                    : No

Configuration Bits:
FINDIV[6:0]     0010111
FBDIV[6:0]      1111100
OADIV[4:0]      00000
OBDIV[4:0]      00000
OCDIV[4:0]      00000
OAMUX[2:0]      100
OBMUX[2:0]      000
OCMUX[2:0]      000
FBSEL[1:0]      01
FBDLY[4:0]      00000
XDLYSEL         0
DLYGLA[4:0]     00000
DLYGLB[4:0]     00000
DLYGLC[4:0]     00000
DLYYB[4:0]      00000
DLYYC[4:0]      00000
VCOSEL[2:0]     110

Primary Clock Frequency 250.000
Primary Clock Phase Shift 0.000
Primary Clock Output Delay from CLKA 1.695


**************
Compile Report
**************


Netlist Resource Report
=======================

    CORE                       Used:      1  Total:   3072   (0.03%)
    IO (W/ clocks)             Used:      0  Total:     71   (0.00%)
    GLOBAL (Chip+Quadrant)     Used:      1  Total:     18   (5.56%)
    PLL                        Used:      1  Total:      1   (100.00%)
    RAM/FIFO                   Used:      0  Total:      8   (0.00%)
    Low Static ICC             Used:      0  Total:      1   (0.00%)
    FlashROM                   Used:      0  Total:      1   (0.00%)
    User JTAG                  Used:      0  Total:      1   (0.00%)

Wrote VHDL netlist to D:/abajric/eeduro/svn/Software/eeduro-fpga/smartgen\pll250\pll250.vhd.

 ** Log Ended:   Fri Jan 09 12:40:03 2015

